2025-08-226 09:35 o.h.validator.internal.util.Version-HV000001: Hibernate Validator 8.0.2.Final
2025-08-226 09:35 c.b.o.OrdersystemApplication-Starting OrdersystemApplication using Java 23.0.2 with PID 8014 (/Users/purewa/Desktop/Pratice/ordersystem/build/classes/java/main started by purewa in /Users/purewa/Desktop/Pratice/ordersystem)
2025-08-226 09:35 c.b.o.OrdersystemApplication-The following 1 profile is active: "prod"
2025-08-226 09:35 o.s.d.r.c.RepositoryConfigurationDelegate-Multiple Spring Data modules found, entering strict repository configuration mode
2025-08-226 09:35 o.s.d.r.c.RepositoryConfigurationDelegate-Bootstrapping Spring Data JPA repositories in DEFAULT mode.
2025-08-226 09:35 o.s.d.r.c.RepositoryConfigurationDelegate-Finished Spring Data repository scanning in 51 ms. Found 4 JPA repository interfaces.
2025-08-226 09:35 o.s.d.r.c.RepositoryConfigurationDelegate-Multiple Spring Data modules found, entering strict repository configuration mode
2025-08-226 09:35 o.s.d.r.c.RepositoryConfigurationDelegate-Bootstrapping Spring Data Redis repositories in DEFAULT mode.
2025-08-226 09:35 o.s.d.r.c.RepositoryConfigurationExtensionSupport-Spring Data Redis - Could not safely identify store assignment for repository candidate interface com.beyond.ordersystem.member.repository.MemberRepository; If you want this repository to be a Redis repository, consider annotating your entities with one of these annotations: org.springframework.data.redis.core.RedisHash (preferred), or consider extending one of the following types with your repository: org.springframework.data.keyvalue.repository.KeyValueRepository
2025-08-226 09:35 o.s.d.r.c.RepositoryConfigurationExtensionSupport-Spring Data Redis - Could not safely identify store assignment for repository candidate interface com.beyond.ordersystem.ordering.repository.OrderingDetailRepository; If you want this repository to be a Redis repository, consider annotating your entities with one of these annotations: org.springframework.data.redis.core.RedisHash (preferred), or consider extending one of the following types with your repository: org.springframework.data.keyvalue.repository.KeyValueRepository
2025-08-226 09:35 o.s.d.r.c.RepositoryConfigurationExtensionSupport-Spring Data Redis - Could not safely identify store assignment for repository candidate interface com.beyond.ordersystem.ordering.repository.OrderingRepository; If you want this repository to be a Redis repository, consider annotating your entities with one of these annotations: org.springframework.data.redis.core.RedisHash (preferred), or consider extending one of the following types with your repository: org.springframework.data.keyvalue.repository.KeyValueRepository
2025-08-226 09:35 o.s.d.r.c.RepositoryConfigurationExtensionSupport-Spring Data Redis - Could not safely identify store assignment for repository candidate interface com.beyond.ordersystem.product.repository.ProductRepository; If you want this repository to be a Redis repository, consider annotating your entities with one of these annotations: org.springframework.data.redis.core.RedisHash (preferred), or consider extending one of the following types with your repository: org.springframework.data.keyvalue.repository.KeyValueRepository
2025-08-226 09:35 o.s.d.r.c.RepositoryConfigurationDelegate-Finished Spring Data repository scanning in 3 ms. Found 0 Redis repository interfaces.
2025-08-226 09:35 o.s.b.w.e.tomcat.TomcatWebServer-Tomcat initialized with port 8080 (http)
2025-08-226 09:35 o.a.coyote.http11.Http11NioProtocol-Initializing ProtocolHandler ["http-nio-8080"]
2025-08-226 09:35 o.a.catalina.core.StandardService-Starting service [Tomcat]
2025-08-226 09:35 o.a.catalina.core.StandardEngine-Starting Servlet engine: [Apache Tomcat/10.1.43]
2025-08-226 09:35 o.a.c.c.C.[Tomcat].[localhost].[/]-Initializing Spring embedded WebApplicationContext
2025-08-226 09:35 o.s.b.w.s.c.ServletWebServerApplicationContext-Root WebApplicationContext: initialization completed in 640 ms
2025-08-226 09:35 o.h.jpa.internal.util.LogHelper-HHH000204: Processing PersistenceUnitInfo [name: default]
2025-08-226 09:35 org.hibernate.Version-HHH000412: Hibernate ORM core version 6.6.22.Final
2025-08-226 09:35 o.h.c.i.RegionFactoryInitiator-HHH000026: Second-level cache disabled
2025-08-226 09:35 o.s.o.j.p.SpringPersistenceUnitInfo-No LoadTimeWeaver setup: ignoring JPA class transformer
2025-08-226 09:35 com.zaxxer.hikari.HikariDataSource-HikariPool-1 - Starting...
2025-08-226 09:35 com.zaxxer.hikari.pool.HikariPool-HikariPool-1 - Added connection org.mariadb.jdbc.Connection@5d3f8661
2025-08-226 09:35 com.zaxxer.hikari.HikariDataSource-HikariPool-1 - Start completed.
2025-08-226 09:35 org.hibernate.orm.deprecation-HHH90000025: MariaDBDialect does not need to be specified explicitly using 'hibernate.dialect' (remove the property setting and it will be selected by default)
2025-08-226 09:35 o.hibernate.orm.connections.pooling-HHH10001005: Database info:
	Database JDBC URL [Connecting through datasource 'HikariDataSource (HikariPool-1)']
	Database driver: undefined/unknown
	Database version: 11.7.2
	Autocommit mode: undefined/unknown
	Isolation level: undefined/unknown
	Minimum pool size: undefined/unknown
	Maximum pool size: undefined/unknown
2025-08-226 09:35 o.h.e.t.j.p.i.JtaPlatformInitiator-HHH000489: No JTA platform available (set 'hibernate.transaction.jta.platform' to enable JTA platform integration)
2025-08-226 09:35 o.s.o.j.LocalContainerEntityManagerFactoryBean-Initialized JPA EntityManagerFactory for persistence unit 'default'
2025-08-226 09:35 o.s.b.a.o.j.JpaBaseConfiguration$JpaWebConfiguration-spring.jpa.open-in-view is enabled by default. Therefore, database queries may be performed during view rendering. Explicitly configure spring.jpa.open-in-view to disable this warning
2025-08-226 09:35 o.s.b.a.s.s.UserDetailsServiceAutoConfiguration-

Using generated security password: d4f29ce2-5181-4382-9855-4c871303e473

This generated password is for development use only. Your security configuration must be updated before running your application in production.

2025-08-226 09:35 o.s.s.c.a.a.c.InitializeUserDetailsBeanManagerConfigurer$InitializeUserDetailsManagerConfigurer-Global AuthenticationManager configured with UserDetailsService bean with name inMemoryUserDetailsManager
2025-08-226 09:35 o.a.coyote.http11.Http11NioProtocol-Starting ProtocolHandler ["http-nio-8080"]
2025-08-226 09:35 o.s.b.w.e.tomcat.TomcatWebServer-Tomcat started on port 8080 (http) with context path '/'
2025-08-226 09:35 o.s.a.r.c.CachingConnectionFactory-Attempting to connect to: localhost:5672
2025-08-226 09:35 o.s.a.r.c.CachingConnectionFactory-Created new connection: connectionFactory#77fa2dcc:0/SimpleConnection@11aeb673 [delegate=amqp://guest@127.0.0.1:5672/, localPort=64155]
2025-08-226 09:35 c.b.o.OrdersystemApplication-Started OrdersystemApplication in 2.394 seconds (process running for 2.607)
2025-08-226 09:36 o.a.c.c.C.[Tomcat].[localhost].[/]-Initializing Spring DispatcherServlet 'dispatcherServlet'
2025-08-226 09:36 o.s.web.servlet.DispatcherServlet-Initializing Servlet 'dispatcherServlet'
2025-08-226 09:36 o.s.web.servlet.DispatcherServlet-Completed initialization in 7 ms
2025-08-226 09:36 c.b.o.common.auth.JwtTokenFilter-JWT expired at 2025-08-13T18:25:27Z. Current time: 2025-08-14T00:36:01Z, a difference of 22234505 milliseconds.  Allowed clock skew: 0 milliseconds.
2025-08-226 09:36 c.b.o.c.auth.JwtAutenticationHandler-eunsungErrorFull authentication is required to access this resource
2025-08-226 09:36 c.b.o.common.auth.JwtTokenFilter-JWT expired at 2025-08-13T18:25:27Z. Current time: 2025-08-14T00:36:05Z, a difference of 22238734 milliseconds.  Allowed clock skew: 0 milliseconds.
2025-08-226 09:36 c.b.o.c.auth.JwtAutenticationHandler-eunsungErrorFull authentication is required to access this resource
2025-08-226 09:36 c.b.o.common.auth.JwtTokenFilter-JWT expired at 2025-08-13T18:25:27Z. Current time: 2025-08-14T00:36:07Z, a difference of 22240352 milliseconds.  Allowed clock skew: 0 milliseconds.
2025-08-226 09:36 c.b.o.common.auth.JwtTokenFilter-JWT expired at 2025-08-13T18:25:27Z. Current time: 2025-08-14T00:36:07Z, a difference of 22240352 milliseconds.  Allowed clock skew: 0 milliseconds.
2025-08-226 09:36 c.b.o.c.auth.JwtAutenticationHandler-eunsungErrorFull authentication is required to access this resource
2025-08-226 09:36 c.b.o.c.auth.JwtAutenticationHandler-eunsungErrorFull authentication is required to access this resource
2025-08-226 09:36 c.b.o.common.auth.JwtTokenFilter-JWT expired at 2025-08-13T18:25:27Z. Current time: 2025-08-14T00:36:07Z, a difference of 22240377 milliseconds.  Allowed clock skew: 0 milliseconds.
2025-08-226 09:36 c.b.o.common.auth.JwtTokenFilter-JWT expired at 2025-08-13T18:25:27Z. Current time: 2025-08-14T00:36:07Z, a difference of 22240377 milliseconds.  Allowed clock skew: 0 milliseconds.
2025-08-226 09:36 c.b.o.common.auth.JwtTokenFilter-JWT expired at 2025-08-13T18:25:27Z. Current time: 2025-08-14T00:36:07Z, a difference of 22240378 milliseconds.  Allowed clock skew: 0 milliseconds.
2025-08-226 09:36 c.b.o.common.auth.JwtTokenFilter-JWT expired at 2025-08-13T18:25:27Z. Current time: 2025-08-14T00:36:07Z, a difference of 22240378 milliseconds.  Allowed clock skew: 0 milliseconds.
2025-08-226 09:36 c.b.o.c.s.CommonExceptionHandler-잘못된 토큰입니다.
2025-08-226 09:36 c.b.o.c.s.CommonExceptionHandler-잘못된 토큰입니다.
2025-08-226 09:36 o.s.d.w.c.SpringDataJacksonConfiguration$PageModule$WarningLoggingModifier-Serializing PageImpl instances as-is is not supported, meaning that there is no guarantee about the stability of the resulting JSON structure!
	For a stable JSON structure, please use Spring Data's PagedModel (globally via @EnableSpringDataWebSupport(pageSerializationMode = VIA_DTO))
	or Spring HATEOAS and Spring Data's PagedResourcesAssembler as documented in https://docs.spring.io/spring-data/commons/reference/repositories/core-extensions.html#core.web.pageables.

